{"asctime": "2026-03-19 00:25:06,934", "name": "FraudDetection", "levelname": "INFO", "module": "pip_03_feature_engineering", "lineno": 25, "message": "==================== Starting FEATURE ENGINEERING PIPELINE ===================="}
{"asctime": "2026-03-19 00:25:06,940", "name": "FraudDetection", "levelname": "INFO", "module": "commons", "lineno": 22, "message": "YAML file loaded: config/feature-engineering.yaml"}
{"asctime": "2026-03-19 00:25:06,942", "name": "FraudDetection", "levelname": "INFO", "module": "commons", "lineno": 44, "message": "Created directory: artifacts"}
{"asctime": "2026-03-19 00:25:06,943", "name": "FraudDetection", "levelname": "INFO", "module": "commons", "lineno": 44, "message": "Created directory: artifacts/feature_engineering"}
{"asctime": "2026-03-19 00:25:07,118", "name": "FraudDetection", "levelname": "INFO", "module": "feature_engineering", "lineno": 336, "message": "Loaded validated data: (50000, 14)"}
{"asctime": "2026-03-19 00:25:07,260", "name": "FraudDetection", "levelname": "INFO", "module": "feature_engineering", "lineno": 340, "message": "Pipeline fitted \u2014 sender and device stores built."}
{"asctime": "2026-03-19 00:25:07,301", "name": "FraudDetection", "levelname": "INFO", "module": "feature_engineering", "lineno": 352, "message": "Train/test split \u2014 train: (40000, 13), test: (10000, 13)"}
{"asctime": "2026-03-19 00:25:08,053", "name": "FraudDetection", "levelname": "INFO", "module": "feature_engineering", "lineno": 360, "message": "Feature engineering applied to train and test splits."}
{"asctime": "2026-03-19 00:25:08,086", "name": "FraudDetection", "levelname": "INFO", "module": "feature_engineering", "lineno": 369, "message": "StandardScaler fitted on 13 continuous features and applied to both splits. Unscaled (binary flags): ['is_night', 'is_weekend', 'is_high_value', 'is_outside_kenya', 'is_device_switch', 'balance_discrepancy', 'transaction_type_enc']"}
{"asctime": "2026-03-19 00:25:08,210", "name": "FraudDetection", "levelname": "INFO", "module": "feature_engineering", "lineno": 386, "message": "SMOTE applied \u2014 train shape: (76800, 20), fraud rate: 50.00%"}
{"asctime": "2026-03-19 00:25:08,555", "name": "FraudDetection", "levelname": "INFO", "module": "feature_engineering", "lineno": 394, "message": "Transformation pipeline saved to artifacts/feature_engineering/pipeline.joblib"}
{"asctime": "2026-03-19 00:25:08,666", "name": "FraudDetection", "levelname": "INFO", "module": "feature_engineering", "lineno": 398, "message": "X_train and X_test saved as parquet."}
{"asctime": "2026-03-19 00:25:08,670", "name": "FraudDetection", "levelname": "INFO", "module": "feature_engineering", "lineno": 406, "message": "y_train and y_test saved as parquet."}
{"asctime": "2026-03-19 00:25:08,670", "name": "FraudDetection", "levelname": "INFO", "module": "feature_engineering", "lineno": 408, "message": "Feature engineering complete \u2014 features: 20, train samples: 76800, test samples: 10000"}
{"asctime": "2026-03-19 00:25:08,684", "name": "FraudDetection", "levelname": "INFO", "module": "pip_03_feature_engineering", "lineno": 27, "message": "==================== FEATURE ENGINEERING PIPELINE Completed Successfully ===================="}
{"asctime": "2026-03-19 01:10:20,364", "name": "FraudDetection", "levelname": "INFO", "module": "pip_04_model_training", "lineno": 25, "message": "==================== Starting MODEL TRAINING PIPELINE ===================="}
{"asctime": "2026-03-19 01:10:20,372", "name": "FraudDetection", "levelname": "ERROR", "module": "pip_04_model_training", "lineno": 29, "message": "MODEL TRAINING PIPELINE failed: [HIGH] FileNotFoundError\nCategory: configuration\nLocation: /home/western/Desktop/machine-learning/financial-fraud/src/utils/commons.py:18\nFunction: read_yaml\nMessage: YAML file not found: config/model_training.yaml"}
{"asctime": "2026-03-19 01:10:56,142", "name": "FraudDetection", "levelname": "INFO", "module": "pip_04_model_training", "lineno": 25, "message": "==================== Starting MODEL TRAINING PIPELINE ===================="}
{"asctime": "2026-03-19 01:10:56,149", "name": "FraudDetection", "levelname": "INFO", "module": "commons", "lineno": 22, "message": "YAML file loaded: config/model_training.yaml"}
{"asctime": "2026-03-19 01:10:56,153", "name": "FraudDetection", "levelname": "INFO", "module": "commons", "lineno": 44, "message": "Created directory: artifacts"}
{"asctime": "2026-03-19 01:10:56,153", "name": "FraudDetection", "levelname": "INFO", "module": "commons", "lineno": 44, "message": "Created directory: artifacts/model_training"}
{"asctime": "2026-03-19 01:10:56,454", "name": "FraudDetection", "levelname": "INFO", "module": "model_training", "lineno": 100, "message": "Data loaded \u2014 train: (76800, 20), test: (10000, 20), fraud rate (train): 50.00%"}
{"asctime": "2026-03-19 01:10:56,543", "name": "FraudDetection", "levelname": "INFO", "module": "model_training", "lineno": 68, "message": "Using default params: {'objective': 'binary', 'metric': 'auc', 'verbosity': -1, 'boosting_type': 'gbdt', 'n_estimators': 200, 'random_state': 42}"}
{"asctime": "2026-03-19 01:10:58,968", "name": "FraudDetection", "levelname": "INFO", "module": "model_training", "lineno": 246, "message": "Model trained in 1.1s"}
{"asctime": "2026-03-19 01:10:59,119", "name": "FraudDetection", "levelname": "INFO", "module": "model_training", "lineno": 250, "message": "Evaluation \u2014 AUC-ROC: 0.9890 | PR-AUC: 0.8872 | F1: 0.8162"}
{"asctime": "2026-03-19 01:11:04,628", "name": "FraudDetection", "levelname": "INFO", "module": "model_training", "lineno": 265, "message": "Model saved to artifacts/model_training/lgb_model.joblib"}
{"asctime": "2026-03-19 01:11:04,631", "name": "FraudDetection", "levelname": "INFO", "module": "pip_04_model_training", "lineno": 27, "message": "==================== MODEL TRAINING PIPELINE Completed Successfully ===================="}
{"asctime": "2026-03-19 02:03:19,805", "name": "FraudDetection", "levelname": "INFO", "module": "pip_04_model_training", "lineno": 25, "message": "==================== Starting MODEL TRAINING PIPELINE ===================="}
{"asctime": "2026-03-19 02:03:19,817", "name": "FraudDetection", "levelname": "INFO", "module": "commons", "lineno": 22, "message": "YAML file loaded: config/model_training.yaml"}
{"asctime": "2026-03-19 02:03:19,818", "name": "FraudDetection", "levelname": "INFO", "module": "commons", "lineno": 44, "message": "Created directory: artifacts"}
{"asctime": "2026-03-19 02:03:19,818", "name": "FraudDetection", "levelname": "INFO", "module": "commons", "lineno": 44, "message": "Created directory: artifacts/model_training"}
{"asctime": "2026-03-19 02:03:19,946", "name": "FraudDetection", "levelname": "INFO", "module": "model_training", "lineno": 100, "message": "Data loaded \u2014 train: (76800, 20), test: (10000, 20), fraud rate (train): 50.00%"}
{"asctime": "2026-03-19 02:03:19,962", "name": "FraudDetection", "levelname": "INFO", "module": "model_training", "lineno": 68, "message": "Using default params: {'objective': 'binary', 'metric': 'auc', 'verbosity': -1, 'boosting_type': 'gbdt', 'n_estimators': 200, 'random_state': 42}"}
{"asctime": "2026-03-19 02:03:22,311", "name": "FraudDetection", "levelname": "INFO", "module": "model_training", "lineno": 246, "message": "Model trained in 1.2s"}
{"asctime": "2026-03-19 02:03:22,460", "name": "FraudDetection", "levelname": "INFO", "module": "model_training", "lineno": 250, "message": "Evaluation \u2014 AUC-ROC: 0.9890 | PR-AUC: 0.8872 | F1: 0.8162"}
{"asctime": "2026-03-19 02:03:28,506", "name": "FraudDetection", "levelname": "INFO", "module": "model_training", "lineno": 265, "message": "Model saved to artifacts/model_training/lgb_model.joblib"}
{"asctime": "2026-03-19 02:03:28,508", "name": "FraudDetection", "levelname": "INFO", "module": "pip_04_model_training", "lineno": 27, "message": "==================== MODEL TRAINING PIPELINE Completed Successfully ===================="}
{"asctime": "2026-03-19 02:28:08,604", "name": "FraudDetection", "levelname": "INFO", "module": "pip_05_model_evaluation", "lineno": 25, "message": "==================== Starting MODEL EVALUATION PIPELINE ===================="}
{"asctime": "2026-03-19 02:28:08,623", "name": "FraudDetection", "levelname": "INFO", "module": "commons", "lineno": 22, "message": "YAML file loaded: config/model_evaluation.yaml"}
{"asctime": "2026-03-19 02:28:08,625", "name": "FraudDetection", "levelname": "INFO", "module": "commons", "lineno": 44, "message": "Created directory: artifacts"}
{"asctime": "2026-03-19 02:28:08,626", "name": "FraudDetection", "levelname": "INFO", "module": "commons", "lineno": 44, "message": "Created directory: artifacts/model_evaluation"}
{"asctime": "2026-03-19 02:28:09,108", "name": "FraudDetection", "levelname": "INFO", "module": "model_evaluation", "lineno": 106, "message": "Test set loaded \u2014 10000 samples"}
{"asctime": "2026-03-19 02:28:09,666", "name": "FraudDetection", "levelname": "INFO", "module": "model_evaluation", "lineno": 141, "message": "Threshold 0.3 \u2014 Precision: 0.8068 | Recall: 0.825 | F1: 0.8158"}
{"asctime": "2026-03-19 02:28:09,781", "name": "FraudDetection", "levelname": "INFO", "module": "model_evaluation", "lineno": 141, "message": "Threshold 0.55 \u2014 Precision: 0.8631 | Recall: 0.7725 | F1: 0.8153"}
{"asctime": "2026-03-19 02:28:21,172", "name": "FraudDetection", "levelname": "INFO", "module": "model_evaluation", "lineno": 216, "message": "Saved confusion matrix plot \u2192 artifacts/model_evaluation/confusion_matrix_0.3.png"}
{"asctime": "2026-03-19 02:28:21,919", "name": "FraudDetection", "levelname": "INFO", "module": "model_evaluation", "lineno": 403, "message": "Saved classification report plot \u2192 artifacts/model_evaluation/classification_report_0.3.png"}
{"asctime": "2026-03-19 02:28:22,164", "name": "FraudDetection", "levelname": "INFO", "module": "model_evaluation", "lineno": 216, "message": "Saved confusion matrix plot \u2192 artifacts/model_evaluation/confusion_matrix_0.55.png"}
{"asctime": "2026-03-19 02:28:22,702", "name": "FraudDetection", "levelname": "INFO", "module": "model_evaluation", "lineno": 403, "message": "Saved classification report plot \u2192 artifacts/model_evaluation/classification_report_0.55.png"}
{"asctime": "2026-03-19 02:28:23,392", "name": "FraudDetection", "levelname": "INFO", "module": "model_evaluation", "lineno": 272, "message": "Saved ROC curve \u2192 artifacts/model_evaluation/roc_curve.png"}
{"asctime": "2026-03-19 02:28:23,793", "name": "FraudDetection", "levelname": "INFO", "module": "model_evaluation", "lineno": 330, "message": "Saved PR curve \u2192 artifacts/model_evaluation/precision_recall_curve.png"}
{"asctime": "2026-03-19 02:28:23,793", "name": "FraudDetection", "levelname": "INFO", "module": "model_evaluation", "lineno": 412, "message": "Evaluation report saved to artifacts/model_evaluation/evaluation_report.json"}
{"asctime": "2026-03-19 02:28:23,794", "name": "FraudDetection", "levelname": "ERROR", "module": "pip_05_model_evaluation", "lineno": 29, "message": "MODEL EVALUATION PIPELINE failed: [HIGH] FileNotFoundError\nCategory: model_validation\nLocation: /home/western/Desktop/machine-learning/financial-fraud/src/components/model_evaluation.py:421\nFunction: _log_to_mlflow\nMessage: run_id.json not found at artifacts/model_training/run_id.json. Ensure model training has completed successfully."}
{"asctime": "2026-03-19 02:29:36,878", "name": "FraudDetection", "levelname": "INFO", "module": "pip_04_model_training", "lineno": 25, "message": "==================== Starting MODEL TRAINING PIPELINE ===================="}
{"asctime": "2026-03-19 02:29:36,889", "name": "FraudDetection", "levelname": "INFO", "module": "commons", "lineno": 22, "message": "YAML file loaded: config/model_training.yaml"}
{"asctime": "2026-03-19 02:29:36,890", "name": "FraudDetection", "levelname": "INFO", "module": "commons", "lineno": 44, "message": "Created directory: artifacts"}
{"asctime": "2026-03-19 02:29:36,890", "name": "FraudDetection", "levelname": "INFO", "module": "commons", "lineno": 44, "message": "Created directory: artifacts/model_training"}
{"asctime": "2026-03-19 02:29:36,953", "name": "FraudDetection", "levelname": "INFO", "module": "model_training", "lineno": 100, "message": "Data loaded \u2014 train: (76800, 20), test: (10000, 20), fraud rate (train): 50.00%"}
{"asctime": "2026-03-19 02:29:36,978", "name": "FraudDetection", "levelname": "INFO", "module": "model_training", "lineno": 68, "message": "Using default params: {'objective': 'binary', 'metric': 'auc', 'verbosity': -1, 'boosting_type': 'gbdt', 'n_estimators': 200, 'random_state': 42}"}
{"asctime": "2026-03-19 02:29:38,791", "name": "FraudDetection", "levelname": "INFO", "module": "model_training", "lineno": 246, "message": "Model trained in 1.3s"}
{"asctime": "2026-03-19 02:29:38,941", "name": "FraudDetection", "levelname": "INFO", "module": "model_training", "lineno": 250, "message": "Evaluation \u2014 AUC-ROC: 0.9890 | PR-AUC: 0.8872 | F1: 0.8162"}
{"asctime": "2026-03-19 02:29:44,281", "name": "FraudDetection", "levelname": "INFO", "module": "model_training", "lineno": 265, "message": "Model saved to artifacts/model_training/lgb_model.joblib"}
{"asctime": "2026-03-19 02:29:44,281", "name": "FraudDetection", "levelname": "INFO", "module": "model_training", "lineno": 270, "message": "MLflow run ID saved to artifacts/model_training/run_id.json"}
{"asctime": "2026-03-19 02:29:44,284", "name": "FraudDetection", "levelname": "INFO", "module": "pip_04_model_training", "lineno": 27, "message": "==================== MODEL TRAINING PIPELINE Completed Successfully ===================="}
{"asctime": "2026-03-19 02:29:52,835", "name": "FraudDetection", "levelname": "INFO", "module": "pip_05_model_evaluation", "lineno": 25, "message": "==================== Starting MODEL EVALUATION PIPELINE ===================="}
{"asctime": "2026-03-19 02:29:52,839", "name": "FraudDetection", "levelname": "INFO", "module": "commons", "lineno": 22, "message": "YAML file loaded: config/model_evaluation.yaml"}
{"asctime": "2026-03-19 02:29:52,839", "name": "FraudDetection", "levelname": "INFO", "module": "commons", "lineno": 44, "message": "Created directory: artifacts"}
{"asctime": "2026-03-19 02:29:52,840", "name": "FraudDetection", "levelname": "INFO", "module": "commons", "lineno": 44, "message": "Created directory: artifacts/model_evaluation"}
{"asctime": "2026-03-19 02:29:52,880", "name": "FraudDetection", "levelname": "INFO", "module": "model_evaluation", "lineno": 106, "message": "Test set loaded \u2014 10000 samples"}
{"asctime": "2026-03-19 02:29:52,991", "name": "FraudDetection", "levelname": "INFO", "module": "model_evaluation", "lineno": 141, "message": "Threshold 0.3 \u2014 Precision: 0.8068 | Recall: 0.825 | F1: 0.8158"}
{"asctime": "2026-03-19 02:29:53,021", "name": "FraudDetection", "levelname": "INFO", "module": "model_evaluation", "lineno": 141, "message": "Threshold 0.55 \u2014 Precision: 0.8631 | Recall: 0.7725 | F1: 0.8153"}
{"asctime": "2026-03-19 02:29:53,446", "name": "FraudDetection", "levelname": "INFO", "module": "model_evaluation", "lineno": 216, "message": "Saved confusion matrix plot \u2192 artifacts/model_evaluation/confusion_matrix_0.3.png"}
{"asctime": "2026-03-19 02:29:53,793", "name": "FraudDetection", "levelname": "INFO", "module": "model_evaluation", "lineno": 403, "message": "Saved classification report plot \u2192 artifacts/model_evaluation/classification_report_0.3.png"}
{"asctime": "2026-03-19 02:29:53,943", "name": "FraudDetection", "levelname": "INFO", "module": "model_evaluation", "lineno": 216, "message": "Saved confusion matrix plot \u2192 artifacts/model_evaluation/confusion_matrix_0.55.png"}
{"asctime": "2026-03-19 02:29:54,425", "name": "FraudDetection", "levelname": "INFO", "module": "model_evaluation", "lineno": 403, "message": "Saved classification report plot \u2192 artifacts/model_evaluation/classification_report_0.55.png"}
{"asctime": "2026-03-19 02:29:54,823", "name": "FraudDetection", "levelname": "INFO", "module": "model_evaluation", "lineno": 272, "message": "Saved ROC curve \u2192 artifacts/model_evaluation/roc_curve.png"}
{"asctime": "2026-03-19 02:29:55,151", "name": "FraudDetection", "levelname": "INFO", "module": "model_evaluation", "lineno": 330, "message": "Saved PR curve \u2192 artifacts/model_evaluation/precision_recall_curve.png"}
{"asctime": "2026-03-19 02:29:55,152", "name": "FraudDetection", "levelname": "INFO", "module": "model_evaluation", "lineno": 412, "message": "Evaluation report saved to artifacts/model_evaluation/evaluation_report.json"}
{"asctime": "2026-03-19 02:29:55,232", "name": "FraudDetection", "levelname": "INFO", "module": "model_evaluation", "lineno": 459, "message": "Evaluation artifacts logged to MLflow run 96fee80d7665416fbd45756efc7fa4a7"}
{"asctime": "2026-03-19 02:29:55,232", "name": "FraudDetection", "levelname": "INFO", "module": "model_evaluation", "lineno": 76, "message": "Evaluation complete \u2014 ROC-AUC: 0.989 | PR-AUC: 0.8872"}
{"asctime": "2026-03-19 02:29:55,233", "name": "FraudDetection", "levelname": "INFO", "module": "pip_05_model_evaluation", "lineno": 27, "message": "==================== MODEL EVALUATION PIPELINE Completed Successfully ===================="}
{"asctime": "2026-03-19 03:20:06,074", "name": "FraudDetection", "levelname": "INFO", "module": "pip_06_batch_prediction", "lineno": 26, "message": "==================== Starting BATCH PREDICTION PIPELINE ===================="}
{"asctime": "2026-03-19 03:20:06,092", "name": "FraudDetection", "levelname": "INFO", "module": "commons", "lineno": 22, "message": "YAML file loaded: config/batch_prediction.yaml"}
{"asctime": "2026-03-19 03:20:06,094", "name": "FraudDetection", "levelname": "INFO", "module": "commons", "lineno": 44, "message": "Created directory: artifacts"}
{"asctime": "2026-03-19 03:20:06,095", "name": "FraudDetection", "levelname": "INFO", "module": "commons", "lineno": 44, "message": "Created directory: artifacts/batch_prediction"}
{"asctime": "2026-03-19 03:20:06,097", "name": "FraudDetection", "levelname": "ERROR", "module": "pip_06_batch_prediction", "lineno": 30, "message": "BATCH PREDICTION PIPELINE failed: [HIGH] FileNotFoundError\nCategory: model_prediction\nLocation: /home/western/Desktop/machine-learning/financial-fraud/src/components/batch_prediction.py:118\nFunction: _load_input\nMessage: Input data not found: data/test_data.csv"}
{"asctime": "2026-03-19 03:40:36,908", "name": "FraudDetection", "levelname": "INFO", "module": "pip_06_batch_prediction", "lineno": 26, "message": "==================== Starting BATCH PREDICTION PIPELINE ===================="}
{"asctime": "2026-03-19 03:40:36,912", "name": "FraudDetection", "levelname": "INFO", "module": "commons", "lineno": 22, "message": "YAML file loaded: config/batch_prediction.yaml"}
{"asctime": "2026-03-19 03:40:36,913", "name": "FraudDetection", "levelname": "INFO", "module": "commons", "lineno": 44, "message": "Created directory: artifacts"}
{"asctime": "2026-03-19 03:40:36,913", "name": "FraudDetection", "levelname": "INFO", "module": "commons", "lineno": 44, "message": "Created directory: artifacts/batch_prediction"}
{"asctime": "2026-03-19 03:40:37,075", "name": "FraudDetection", "levelname": "INFO", "module": "batch_prediction", "lineno": 123, "message": "Loaded 10,000 transactions from data/test_transactions.json"}
{"asctime": "2026-03-19 03:40:37,640", "name": "FraudDetection", "levelname": "INFO", "module": "batch_prediction", "lineno": 139, "message": "Transformation pipeline and model loaded successfully."}
{"asctime": "2026-03-19 03:40:37,909", "name": "FraudDetection", "levelname": "INFO", "module": "batch_prediction", "lineno": 154, "message": "Transformation complete \u2014 20 features."}
{"asctime": "2026-03-19 03:40:38,009", "name": "FraudDetection", "levelname": "INFO", "module": "batch_prediction", "lineno": 190, "message": "Predictions generated \u2014 533 fraud | 261 suspicious | 9,206 legitimate"}
{"asctime": "2026-03-19 03:40:38,016", "name": "FraudDetection", "levelname": "WARNING", "module": "batch_prediction", "lineno": 232, "message": "Drift detected in 'amount': PSI=0.6118"}
{"asctime": "2026-03-19 03:40:38,040", "name": "FraudDetection", "levelname": "INFO", "module": "batch_prediction", "lineno": 273, "message": "Drift monitoring: DRIFT DETECTED \u2014 consider retraining"}
{"asctime": "2026-03-19 03:40:38,156", "name": "FraudDetection", "levelname": "INFO", "module": "batch_prediction", "lineno": 281, "message": "Predictions saved to artifacts/batch_prediction/predictions.csv (10,000 rows)"}
{"asctime": "2026-03-19 03:40:38,156", "name": "FraudDetection", "levelname": "INFO", "module": "batch_prediction", "lineno": 288, "message": "Monitoring report saved to artifacts/batch_prediction/batch_monitoring_report.json"}
{"asctime": "2026-03-19 03:40:38,792", "name": "FraudDetection", "levelname": "INFO", "module": "batch_prediction", "lineno": 336, "message": "Batch run logged to MLflow experiment 'fraud-detection'"}
{"asctime": "2026-03-19 03:40:38,802", "name": "FraudDetection", "levelname": "INFO", "module": "batch_prediction", "lineno": 350, "message": "Batch Summary \u2014 Total: 10,000 | Fraud: 533 (5.33%) | Suspicious: 261 (2.61%) | Legitimate: 9,206 (92.06%)"}
{"asctime": "2026-03-19 03:40:38,803", "name": "FraudDetection", "levelname": "WARNING", "module": "batch_prediction", "lineno": 358, "message": "ACTION REQUIRED: Drift detected in this batch. Set run_hyperparameter_search: true in model_training.yaml and run dvc repro to retrain."}
{"asctime": "2026-03-19 03:40:38,818", "name": "FraudDetection", "levelname": "INFO", "module": "pip_06_batch_prediction", "lineno": 21, "message": "Predictions available at: artifacts/batch_prediction/predictions.csv"}
{"asctime": "2026-03-19 03:40:38,819", "name": "FraudDetection", "levelname": "INFO", "module": "pip_06_batch_prediction", "lineno": 28, "message": "==================== BATCH PREDICTION PIPELINE Completed Successfully ===================="}
{"asctime": "2026-03-19 09:16:16,875", "name": "FraudDetection", "levelname": "INFO", "module": "main", "lineno": 27, "message": "==================== Starting: Data Ingestion ===================="}
{"asctime": "2026-03-19 09:16:16,880", "name": "FraudDetection", "levelname": "INFO", "module": "commons", "lineno": 22, "message": "YAML file loaded: config/data_ingestion.yaml"}
{"asctime": "2026-03-19 09:16:16,884", "name": "FraudDetection", "levelname": "INFO", "module": "commons", "lineno": 44, "message": "Created directory: artifacts"}
{"asctime": "2026-03-19 09:16:16,885", "name": "FraudDetection", "levelname": "INFO", "module": "commons", "lineno": 44, "message": "Created directory: artifacts/data_ingestion"}
{"asctime": "2026-03-19 09:16:17,066", "name": "FraudDetection", "levelname": "INFO", "module": "data_ingestion", "lineno": 55, "message": "Loaded 50000 records from data/transactions.csv"}
{"asctime": "2026-03-19 09:16:17,195", "name": "FraudDetection", "levelname": "INFO", "module": "data_ingestion", "lineno": 93, "message": "Data cleaning complete: 50000 -> 50000 rows (0 rows removed)"}
{"asctime": "2026-03-19 09:16:17,421", "name": "FraudDetection", "levelname": "INFO", "module": "data_ingestion", "lineno": 110, "message": "Data saved to artifacts/data_ingestion/transactions.parquet"}
{"asctime": "2026-03-19 09:16:17,428", "name": "FraudDetection", "levelname": "INFO", "module": "pip_01_data_ingestion", "lineno": 21, "message": "Data ingestion complete. Artifact saved to: artifacts/data_ingestion/transactions.parquet"}
{"asctime": "2026-03-19 09:16:17,428", "name": "FraudDetection", "levelname": "INFO", "module": "main", "lineno": 30, "message": "==================== Completed: Data Ingestion ====================\n"}
{"asctime": "2026-03-19 09:16:17,428", "name": "FraudDetection", "levelname": "INFO", "module": "main", "lineno": 27, "message": "==================== Starting: Data Validation ===================="}
{"asctime": "2026-03-19 09:16:17,430", "name": "FraudDetection", "levelname": "INFO", "module": "commons", "lineno": 22, "message": "YAML file loaded: config/data-validation.yaml"}
{"asctime": "2026-03-19 09:16:17,431", "name": "FraudDetection", "levelname": "INFO", "module": "commons", "lineno": 44, "message": "Created directory: artifacts"}
{"asctime": "2026-03-19 09:16:17,431", "name": "FraudDetection", "levelname": "INFO", "module": "commons", "lineno": 44, "message": "Created directory: artifacts/data_validation"}
{"asctime": "2026-03-19 09:16:17,437", "name": "FraudDetection", "levelname": "INFO", "module": "commons", "lineno": 22, "message": "YAML file loaded: config/schema.yaml"}
{"asctime": "2026-03-19 09:16:17,659", "name": "FraudDetection", "levelname": "INFO", "module": "data_validation", "lineno": 390, "message": "Loaded 50000 records from artifacts/data_ingestion/transactions.parquet"}
{"asctime": "2026-03-19 09:16:17,660", "name": "FraudDetection", "levelname": "INFO", "module": "data_validation", "lineno": 133, "message": "Running schema validation..."}
{"asctime": "2026-03-19 09:16:17,661", "name": "FraudDetection", "levelname": "INFO", "module": "data_validation", "lineno": 169, "message": "Schema validation: PASSED"}
{"asctime": "2026-03-19 09:16:17,661", "name": "FraudDetection", "levelname": "INFO", "module": "data_validation", "lineno": 177, "message": "Running data integrity checks..."}
{"asctime": "2026-03-19 09:16:17,724", "name": "FraudDetection", "levelname": "INFO", "module": "data_validation", "lineno": 207, "message": "Data integrity: PASSED"}
{"asctime": "2026-03-19 09:16:17,725", "name": "FraudDetection", "levelname": "INFO", "module": "data_validation", "lineno": 215, "message": "Running domain-specific rule checks..."}
{"asctime": "2026-03-19 09:16:17,729", "name": "FraudDetection", "levelname": "INFO", "module": "data_validation", "lineno": 258, "message": "Domain rules: PASSED"}
{"asctime": "2026-03-19 09:16:17,729", "name": "FraudDetection", "levelname": "INFO", "module": "data_validation", "lineno": 272, "message": "Running statistical drift checks..."}
{"asctime": "2026-03-19 09:16:17,734", "name": "FraudDetection", "levelname": "WARNING", "module": "data_validation", "lineno": 307, "message": "Drift detected in 'amount': PSI=0.6141"}
{"asctime": "2026-03-19 09:16:17,751", "name": "FraudDetection", "levelname": "INFO", "module": "data_validation", "lineno": 348, "message": "Drift analysis: FLAGGED"}
{"asctime": "2026-03-19 09:16:17,752", "name": "FraudDetection", "levelname": "INFO", "module": "data_validation", "lineno": 406, "message": "Validation status saved to artifacts/data_validation/validation_status.json"}
{"asctime": "2026-03-19 09:16:17,841", "name": "FraudDetection", "levelname": "INFO", "module": "data_validation", "lineno": 418, "message": "Validated data saved to artifacts/data_validation/validated_transactions.parquet"}
{"asctime": "2026-03-19 09:16:17,845", "name": "FraudDetection", "levelname": "INFO", "module": "pip_02_data_validation", "lineno": 23, "message": "Data validation passed. Validated parquet saved."}
{"asctime": "2026-03-19 09:16:17,846", "name": "FraudDetection", "levelname": "INFO", "module": "main", "lineno": 30, "message": "==================== Completed: Data Validation ====================\n"}
{"asctime": "2026-03-19 09:16:17,846", "name": "FraudDetection", "levelname": "INFO", "module": "main", "lineno": 27, "message": "==================== Starting: Feature Engineering ===================="}
{"asctime": "2026-03-19 09:16:17,849", "name": "FraudDetection", "levelname": "INFO", "module": "commons", "lineno": 22, "message": "YAML file loaded: config/feature-engineering.yaml"}
{"asctime": "2026-03-19 09:16:17,850", "name": "FraudDetection", "levelname": "INFO", "module": "commons", "lineno": 44, "message": "Created directory: artifacts"}
{"asctime": "2026-03-19 09:16:17,850", "name": "FraudDetection", "levelname": "INFO", "module": "commons", "lineno": 44, "message": "Created directory: artifacts/feature_engineering"}
{"asctime": "2026-03-19 09:16:17,889", "name": "FraudDetection", "levelname": "INFO", "module": "feature_engineering", "lineno": 336, "message": "Loaded validated data: (50000, 14)"}
{"asctime": "2026-03-19 09:16:18,109", "name": "FraudDetection", "levelname": "INFO", "module": "feature_engineering", "lineno": 340, "message": "Pipeline fitted \u2014 sender and device stores built."}
{"asctime": "2026-03-19 09:16:18,146", "name": "FraudDetection", "levelname": "INFO", "module": "feature_engineering", "lineno": 352, "message": "Train/test split \u2014 train: (40000, 13), test: (10000, 13)"}
{"asctime": "2026-03-19 09:16:18,841", "name": "FraudDetection", "levelname": "INFO", "module": "feature_engineering", "lineno": 360, "message": "Feature engineering applied to train and test splits."}
{"asctime": "2026-03-19 09:16:18,870", "name": "FraudDetection", "levelname": "INFO", "module": "feature_engineering", "lineno": 369, "message": "StandardScaler fitted on 13 continuous features and applied to both splits. Unscaled (binary flags): ['is_night', 'is_weekend', 'is_high_value', 'is_outside_kenya', 'is_device_switch', 'balance_discrepancy', 'transaction_type_enc']"}
{"asctime": "2026-03-19 09:16:19,008", "name": "FraudDetection", "levelname": "INFO", "module": "feature_engineering", "lineno": 386, "message": "SMOTE applied \u2014 train shape: (76800, 20), fraud rate: 50.00%"}
{"asctime": "2026-03-19 09:16:19,289", "name": "FraudDetection", "levelname": "INFO", "module": "feature_engineering", "lineno": 394, "message": "Transformation pipeline saved to artifacts/feature_engineering/pipeline.joblib"}
{"asctime": "2026-03-19 09:16:19,404", "name": "FraudDetection", "levelname": "INFO", "module": "feature_engineering", "lineno": 398, "message": "X_train and X_test saved as parquet."}
{"asctime": "2026-03-19 09:16:19,409", "name": "FraudDetection", "levelname": "INFO", "module": "feature_engineering", "lineno": 406, "message": "y_train and y_test saved as parquet."}
{"asctime": "2026-03-19 09:16:19,410", "name": "FraudDetection", "levelname": "INFO", "module": "feature_engineering", "lineno": 408, "message": "Feature engineering complete \u2014 features: 20, train samples: 76800, test samples: 10000"}
{"asctime": "2026-03-19 09:16:19,425", "name": "FraudDetection", "levelname": "INFO", "module": "main", "lineno": 30, "message": "==================== Completed: Feature Engineering ====================\n"}
{"asctime": "2026-03-19 09:16:19,426", "name": "FraudDetection", "levelname": "INFO", "module": "main", "lineno": 27, "message": "==================== Starting: Model Training ===================="}
{"asctime": "2026-03-19 09:16:19,432", "name": "FraudDetection", "levelname": "INFO", "module": "commons", "lineno": 22, "message": "YAML file loaded: config/model_training.yaml"}
{"asctime": "2026-03-19 09:16:19,432", "name": "FraudDetection", "levelname": "INFO", "module": "commons", "lineno": 44, "message": "Created directory: artifacts"}
{"asctime": "2026-03-19 09:16:19,433", "name": "FraudDetection", "levelname": "INFO", "module": "commons", "lineno": 44, "message": "Created directory: artifacts/model_training"}
{"asctime": "2026-03-19 09:16:19,453", "name": "FraudDetection", "levelname": "INFO", "module": "model_training", "lineno": 100, "message": "Data loaded \u2014 train: (76800, 20), test: (10000, 20), fraud rate (train): 50.00%"}
{"asctime": "2026-03-19 09:16:19,471", "name": "FraudDetection", "levelname": "INFO", "module": "model_training", "lineno": 68, "message": "Using default params: {'objective': 'binary', 'metric': 'auc', 'verbosity': -1, 'boosting_type': 'gbdt', 'n_estimators': 200, 'random_state': 42}"}
{"asctime": "2026-03-19 09:16:20,702", "name": "FraudDetection", "levelname": "INFO", "module": "model_training", "lineno": 246, "message": "Model trained in 1.1s"}
{"asctime": "2026-03-19 09:16:20,863", "name": "FraudDetection", "levelname": "INFO", "module": "model_training", "lineno": 250, "message": "Evaluation \u2014 AUC-ROC: 0.9890 | PR-AUC: 0.8872 | F1: 0.8162"}
{"asctime": "2026-03-19 09:16:26,763", "name": "FraudDetection", "levelname": "INFO", "module": "model_training", "lineno": 265, "message": "Model saved to artifacts/model_training/lgb_model.joblib"}
{"asctime": "2026-03-19 09:16:26,763", "name": "FraudDetection", "levelname": "INFO", "module": "model_training", "lineno": 270, "message": "MLflow run ID saved to artifacts/model_training/run_id.json"}
{"asctime": "2026-03-19 09:16:26,765", "name": "FraudDetection", "levelname": "INFO", "module": "main", "lineno": 30, "message": "==================== Completed: Model Training ====================\n"}
{"asctime": "2026-03-19 09:16:26,765", "name": "FraudDetection", "levelname": "INFO", "module": "main", "lineno": 27, "message": "==================== Starting: Model Evaluation ===================="}
{"asctime": "2026-03-19 09:16:26,768", "name": "FraudDetection", "levelname": "INFO", "module": "commons", "lineno": 22, "message": "YAML file loaded: config/model_evaluation.yaml"}
{"asctime": "2026-03-19 09:16:26,769", "name": "FraudDetection", "levelname": "INFO", "module": "commons", "lineno": 44, "message": "Created directory: artifacts"}
{"asctime": "2026-03-19 09:16:26,769", "name": "FraudDetection", "levelname": "INFO", "module": "commons", "lineno": 44, "message": "Created directory: artifacts/model_evaluation"}
{"asctime": "2026-03-19 09:16:26,783", "name": "FraudDetection", "levelname": "INFO", "module": "model_evaluation", "lineno": 106, "message": "Test set loaded \u2014 10000 samples"}
{"asctime": "2026-03-19 09:16:26,870", "name": "FraudDetection", "levelname": "INFO", "module": "model_evaluation", "lineno": 141, "message": "Threshold 0.3 \u2014 Precision: 0.8068 | Recall: 0.825 | F1: 0.8158"}
{"asctime": "2026-03-19 09:16:26,897", "name": "FraudDetection", "levelname": "INFO", "module": "model_evaluation", "lineno": 141, "message": "Threshold 0.55 \u2014 Precision: 0.8631 | Recall: 0.7725 | F1: 0.8153"}
{"asctime": "2026-03-19 09:16:28,122", "name": "FraudDetection", "levelname": "INFO", "module": "model_evaluation", "lineno": 216, "message": "Saved confusion matrix plot \u2192 artifacts/model_evaluation/confusion_matrix_0.3.png"}
{"asctime": "2026-03-19 09:16:28,394", "name": "FraudDetection", "levelname": "INFO", "module": "model_evaluation", "lineno": 403, "message": "Saved classification report plot \u2192 artifacts/model_evaluation/classification_report_0.3.png"}
{"asctime": "2026-03-19 09:16:28,506", "name": "FraudDetection", "levelname": "INFO", "module": "model_evaluation", "lineno": 216, "message": "Saved confusion matrix plot \u2192 artifacts/model_evaluation/confusion_matrix_0.55.png"}
{"asctime": "2026-03-19 09:16:28,770", "name": "FraudDetection", "levelname": "INFO", "module": "model_evaluation", "lineno": 403, "message": "Saved classification report plot \u2192 artifacts/model_evaluation/classification_report_0.55.png"}
{"asctime": "2026-03-19 09:16:29,016", "name": "FraudDetection", "levelname": "INFO", "module": "model_evaluation", "lineno": 272, "message": "Saved ROC curve \u2192 artifacts/model_evaluation/roc_curve.png"}
{"asctime": "2026-03-19 09:16:29,254", "name": "FraudDetection", "levelname": "INFO", "module": "model_evaluation", "lineno": 330, "message": "Saved PR curve \u2192 artifacts/model_evaluation/precision_recall_curve.png"}
{"asctime": "2026-03-19 09:16:29,257", "name": "FraudDetection", "levelname": "INFO", "module": "model_evaluation", "lineno": 412, "message": "Evaluation report saved to artifacts/model_evaluation/evaluation_report.json"}
{"asctime": "2026-03-19 09:16:29,283", "name": "FraudDetection", "levelname": "INFO", "module": "model_evaluation", "lineno": 459, "message": "Evaluation artifacts logged to MLflow run 204b5c2989b7481a85178fa082e58a2c"}
{"asctime": "2026-03-19 09:16:29,283", "name": "FraudDetection", "levelname": "INFO", "module": "model_evaluation", "lineno": 76, "message": "Evaluation complete \u2014 ROC-AUC: 0.989 | PR-AUC: 0.8872"}
{"asctime": "2026-03-19 09:16:29,284", "name": "FraudDetection", "levelname": "INFO", "module": "main", "lineno": 30, "message": "==================== Completed: Model Evaluation ====================\n"}
