{"asctime": "2026-03-18 18:18:10,658", "name": "FraudDetection", "levelname": "INFO", "module": "pip_01_data_ingestion", "lineno": 26, "message": "==================== Starting DATA INGESTION PIPELINE ===================="}
{"asctime": "2026-03-18 18:18:10,660", "name": "FraudDetection", "levelname": "ERROR", "module": "pip_01_data_ingestion", "lineno": 30, "message": "DATA INGESTION PIPELINE failed: [HIGH] FileNotFoundError\nCategory: configuration\nLocation: /home/western/Desktop/machine-learning/financial-fraud/src/utils/commons.py:18\nFunction: read_yaml\nMessage: YAML file not found: config/config.yaml"}
{"asctime": "2026-03-18 18:19:38,934", "name": "FraudDetection", "levelname": "INFO", "module": "pip_01_data_ingestion", "lineno": 26, "message": "==================== Starting DATA INGESTION PIPELINE ===================="}
{"asctime": "2026-03-18 18:19:38,936", "name": "FraudDetection", "levelname": "INFO", "module": "commons", "lineno": 22, "message": "YAML file loaded: config/data_ingestion.yaml"}
{"asctime": "2026-03-18 18:19:38,944", "name": "FraudDetection", "levelname": "ERROR", "module": "pip_01_data_ingestion", "lineno": 30, "message": "DATA INGESTION PIPELINE failed: [MEDIUM] TypeError\nCategory: configuration\nLocation: /home/western/miniconda3/envs/financial-fraud/lib/python3.10/typing.py:997\nFunction: __subclasscheck__\nMessage: Subscripted generics cannot be used with class and instance checks"}
{"asctime": "2026-03-18 18:21:40,691", "name": "FraudDetection", "levelname": "INFO", "module": "pip_01_data_ingestion", "lineno": 26, "message": "==================== Starting DATA INGESTION PIPELINE ===================="}
{"asctime": "2026-03-18 18:21:40,693", "name": "FraudDetection", "levelname": "INFO", "module": "commons", "lineno": 22, "message": "YAML file loaded: config/data_ingestion.yaml"}
{"asctime": "2026-03-18 18:21:40,694", "name": "FraudDetection", "levelname": "INFO", "module": "commons", "lineno": 44, "message": "Created directory: artifacts"}
{"asctime": "2026-03-18 18:21:40,695", "name": "FraudDetection", "levelname": "INFO", "module": "commons", "lineno": 44, "message": "Created directory: artifacts/data_ingestion"}
{"asctime": "2026-03-18 18:21:40,953", "name": "FraudDetection", "levelname": "INFO", "module": "data_ingestion", "lineno": 55, "message": "Loaded 50000 records from data/transactions.csv"}
{"asctime": "2026-03-18 18:21:41,179", "name": "FraudDetection", "levelname": "INFO", "module": "data_ingestion", "lineno": 93, "message": "Data cleaning complete: 50000 -> 50000 rows (0 rows removed)"}
{"asctime": "2026-03-18 18:21:41,195", "name": "FraudDetection", "levelname": "ERROR", "module": "pip_01_data_ingestion", "lineno": 30, "message": "DATA INGESTION PIPELINE failed: [MEDIUM] ImportError\nCategory: data_ingestion\nLocation: /home/western/miniconda3/envs/financial-fraud/lib/python3.10/site-packages/pandas/io/parquet.py:68\nFunction: get_engine\nMessage: Unable to find a usable engine; tried using: 'pyarrow', 'fastparquet'.\nA suitable version of pyarrow or fastparquet is required for parquet support.\nTrying to import the above resulted in these errors:\n - Missing optional dependency 'pyarrow'. pyarrow is required for parquet support. Use pip or conda to install pyarrow.\n - Missing optional dependency 'fastparquet'. fastparquet is required for parquet support. Use pip or conda to install fastparquet."}
{"asctime": "2026-03-18 18:32:41,955", "name": "FraudDetection", "levelname": "INFO", "module": "pip_01_data_ingestion", "lineno": 26, "message": "==================== Starting DATA INGESTION PIPELINE ===================="}
{"asctime": "2026-03-18 18:32:41,957", "name": "FraudDetection", "levelname": "INFO", "module": "commons", "lineno": 22, "message": "YAML file loaded: config/data_ingestion.yaml"}
{"asctime": "2026-03-18 18:32:42,243", "name": "FraudDetection", "levelname": "INFO", "module": "commons", "lineno": 44, "message": "Created directory: artifacts"}
{"asctime": "2026-03-18 18:32:42,244", "name": "FraudDetection", "levelname": "INFO", "module": "commons", "lineno": 44, "message": "Created directory: artifacts/data_ingestion"}
{"asctime": "2026-03-18 18:32:42,785", "name": "FraudDetection", "levelname": "INFO", "module": "data_ingestion", "lineno": 55, "message": "Loaded 50000 records from data/transactions.csv"}
{"asctime": "2026-03-18 18:32:43,592", "name": "FraudDetection", "levelname": "INFO", "module": "data_ingestion", "lineno": 93, "message": "Data cleaning complete: 50000 -> 50000 rows (0 rows removed)"}
{"asctime": "2026-03-18 18:32:43,968", "name": "FraudDetection", "levelname": "INFO", "module": "data_ingestion", "lineno": 110, "message": "Data saved to artifacts/data_ingestion/transactions.parquet"}
{"asctime": "2026-03-18 18:32:43,976", "name": "FraudDetection", "levelname": "INFO", "module": "pip_01_data_ingestion", "lineno": 21, "message": "Data ingestion complete. Artifact saved to: artifacts/data_ingestion/transactions.parquet"}
{"asctime": "2026-03-18 18:32:43,977", "name": "FraudDetection", "levelname": "INFO", "module": "pip_01_data_ingestion", "lineno": 28, "message": "==================== DATA INGESTION PIPELINE Completed Successfully ===================="}
{"asctime": "2026-03-18 18:57:22,142", "name": "FraudDetection", "levelname": "INFO", "module": "pip_01_data_ingestion", "lineno": 26, "message": "==================== Starting DATA INGESTION PIPELINE ===================="}
{"asctime": "2026-03-18 18:57:22,144", "name": "FraudDetection", "levelname": "INFO", "module": "commons", "lineno": 22, "message": "YAML file loaded: config/data_ingestion.yaml"}
{"asctime": "2026-03-18 18:57:22,144", "name": "FraudDetection", "levelname": "INFO", "module": "commons", "lineno": 44, "message": "Created directory: artifacts"}
{"asctime": "2026-03-18 18:57:22,145", "name": "FraudDetection", "levelname": "INFO", "module": "commons", "lineno": 44, "message": "Created directory: artifacts/data_ingestion"}
{"asctime": "2026-03-18 18:57:22,344", "name": "FraudDetection", "levelname": "INFO", "module": "data_ingestion", "lineno": 55, "message": "Loaded 50000 records from data/transactions.csv"}
{"asctime": "2026-03-18 18:57:22,512", "name": "FraudDetection", "levelname": "INFO", "module": "data_ingestion", "lineno": 93, "message": "Data cleaning complete: 50000 -> 50000 rows (0 rows removed)"}
{"asctime": "2026-03-18 18:57:22,647", "name": "FraudDetection", "levelname": "INFO", "module": "data_ingestion", "lineno": 110, "message": "Data saved to artifacts/data_ingestion/transactions.parquet"}
{"asctime": "2026-03-18 18:57:22,655", "name": "FraudDetection", "levelname": "INFO", "module": "pip_01_data_ingestion", "lineno": 21, "message": "Data ingestion complete. Artifact saved to: artifacts/data_ingestion/transactions.parquet"}
{"asctime": "2026-03-18 18:57:22,656", "name": "FraudDetection", "levelname": "INFO", "module": "pip_01_data_ingestion", "lineno": 28, "message": "==================== DATA INGESTION PIPELINE Completed Successfully ===================="}
{"asctime": "2026-03-18 20:01:47,641", "name": "FraudDetection", "levelname": "INFO", "module": "pip_02_data_validation", "lineno": 32, "message": "==================== Starting DATA VALIDATION PIPELINE ===================="}
{"asctime": "2026-03-18 20:01:47,646", "name": "FraudDetection", "levelname": "ERROR", "module": "pip_02_data_validation", "lineno": 36, "message": "DATA VALIDATION PIPELINE failed: [HIGH] FileNotFoundError\nCategory: configuration\nLocation: /home/western/Desktop/machine-learning/financial-fraud/src/utils/commons.py:18\nFunction: read_yaml\nMessage: YAML file not found: config/data_validation.yaml"}
{"asctime": "2026-03-18 20:02:11,920", "name": "FraudDetection", "levelname": "INFO", "module": "pip_02_data_validation", "lineno": 32, "message": "==================== Starting DATA VALIDATION PIPELINE ===================="}
{"asctime": "2026-03-18 20:02:11,933", "name": "FraudDetection", "levelname": "INFO", "module": "commons", "lineno": 22, "message": "YAML file loaded: config/data-validation.yaml"}
{"asctime": "2026-03-18 20:02:11,935", "name": "FraudDetection", "levelname": "INFO", "module": "commons", "lineno": 44, "message": "Created directory: artifacts"}
{"asctime": "2026-03-18 20:02:11,937", "name": "FraudDetection", "levelname": "INFO", "module": "commons", "lineno": 44, "message": "Created directory: artifacts/data_validation"}
{"asctime": "2026-03-18 20:02:11,973", "name": "FraudDetection", "levelname": "INFO", "module": "commons", "lineno": 22, "message": "YAML file loaded: config/schema.yaml"}
{"asctime": "2026-03-18 20:02:12,280", "name": "FraudDetection", "levelname": "INFO", "module": "data_validation", "lineno": 390, "message": "Loaded 50000 records from artifacts/data_ingestion/transactions.parquet"}
{"asctime": "2026-03-18 20:02:12,281", "name": "FraudDetection", "levelname": "INFO", "module": "data_validation", "lineno": 133, "message": "Running schema validation..."}
{"asctime": "2026-03-18 20:02:12,290", "name": "FraudDetection", "levelname": "INFO", "module": "data_validation", "lineno": 169, "message": "Schema validation: PASSED"}
{"asctime": "2026-03-18 20:02:12,292", "name": "FraudDetection", "levelname": "INFO", "module": "data_validation", "lineno": 177, "message": "Running data integrity checks..."}
{"asctime": "2026-03-18 20:02:12,631", "name": "FraudDetection", "levelname": "INFO", "module": "data_validation", "lineno": 207, "message": "Data integrity: PASSED"}
{"asctime": "2026-03-18 20:02:12,632", "name": "FraudDetection", "levelname": "INFO", "module": "data_validation", "lineno": 215, "message": "Running domain-specific rule checks..."}
{"asctime": "2026-03-18 20:02:12,646", "name": "FraudDetection", "levelname": "ERROR", "module": "data_validation", "lineno": 254, "message": "Domain rule violations in 'transaction_type': [\"Invalid values: {'buy_goods', 'deposit', 'send_money', 'withdraw', 'pay_bill'}\"]"}
{"asctime": "2026-03-18 20:02:12,649", "name": "FraudDetection", "levelname": "ERROR", "module": "data_validation", "lineno": 254, "message": "Domain rule violations in 'sender_balance_after': ['1 rows below minimum 0.0']"}
{"asctime": "2026-03-18 20:02:12,661", "name": "FraudDetection", "levelname": "INFO", "module": "data_validation", "lineno": 258, "message": "Domain rules: FAILED"}
{"asctime": "2026-03-18 20:02:12,662", "name": "FraudDetection", "levelname": "INFO", "module": "data_validation", "lineno": 272, "message": "Running statistical drift checks..."}
{"asctime": "2026-03-18 20:02:12,663", "name": "FraudDetection", "levelname": "INFO", "module": "data_validation", "lineno": 281, "message": "No reference stats found. Creating baseline from 80% split."}
{"asctime": "2026-03-18 20:02:12,745", "name": "FraudDetection", "levelname": "INFO", "module": "data_validation", "lineno": 379, "message": "Reference stats saved to artifacts/data_validation/reference_stats.json"}
{"asctime": "2026-03-18 20:02:12,752", "name": "FraudDetection", "levelname": "INFO", "module": "data_validation", "lineno": 406, "message": "Validation status saved to artifacts/data_validation/validation_status.json"}
{"asctime": "2026-03-18 20:02:12,768", "name": "FraudDetection", "levelname": "ERROR", "module": "pip_02_data_validation", "lineno": 25, "message": "Data validation failed. Check validation_status.json for details."}
{"asctime": "2026-03-18 20:02:12,770", "name": "FraudDetection", "levelname": "INFO", "module": "pip_02_data_validation", "lineno": 34, "message": "==================== DATA VALIDATION PIPELINE Completed Successfully ===================="}
{"asctime": "2026-03-18 20:33:29,418", "name": "FraudDetection", "levelname": "INFO", "module": "pip_02_data_validation", "lineno": 32, "message": "==================== Starting DATA VALIDATION PIPELINE ===================="}
{"asctime": "2026-03-18 20:33:29,421", "name": "FraudDetection", "levelname": "INFO", "module": "commons", "lineno": 22, "message": "YAML file loaded: config/data-validation.yaml"}
{"asctime": "2026-03-18 20:33:29,422", "name": "FraudDetection", "levelname": "INFO", "module": "commons", "lineno": 44, "message": "Created directory: artifacts"}
{"asctime": "2026-03-18 20:33:29,422", "name": "FraudDetection", "levelname": "INFO", "module": "commons", "lineno": 44, "message": "Created directory: artifacts/data_validation"}
{"asctime": "2026-03-18 20:33:29,428", "name": "FraudDetection", "levelname": "INFO", "module": "commons", "lineno": 22, "message": "YAML file loaded: config/schema.yaml"}
{"asctime": "2026-03-18 20:33:29,532", "name": "FraudDetection", "levelname": "INFO", "module": "data_validation", "lineno": 390, "message": "Loaded 50000 records from artifacts/data_ingestion/transactions.parquet"}
{"asctime": "2026-03-18 20:33:29,533", "name": "FraudDetection", "levelname": "INFO", "module": "data_validation", "lineno": 133, "message": "Running schema validation..."}
{"asctime": "2026-03-18 20:33:29,534", "name": "FraudDetection", "levelname": "INFO", "module": "data_validation", "lineno": 169, "message": "Schema validation: PASSED"}
{"asctime": "2026-03-18 20:33:29,534", "name": "FraudDetection", "levelname": "INFO", "module": "data_validation", "lineno": 177, "message": "Running data integrity checks..."}
{"asctime": "2026-03-18 20:33:29,598", "name": "FraudDetection", "levelname": "INFO", "module": "data_validation", "lineno": 207, "message": "Data integrity: PASSED"}
{"asctime": "2026-03-18 20:33:29,598", "name": "FraudDetection", "levelname": "INFO", "module": "data_validation", "lineno": 215, "message": "Running domain-specific rule checks..."}
{"asctime": "2026-03-18 20:33:29,601", "name": "FraudDetection", "levelname": "ERROR", "module": "data_validation", "lineno": 254, "message": "Domain rule violations in 'sender_balance_after': ['1 rows below minimum -0.01']"}
{"asctime": "2026-03-18 20:33:29,604", "name": "FraudDetection", "levelname": "INFO", "module": "data_validation", "lineno": 258, "message": "Domain rules: FAILED"}
{"asctime": "2026-03-18 20:33:29,604", "name": "FraudDetection", "levelname": "INFO", "module": "data_validation", "lineno": 272, "message": "Running statistical drift checks..."}
{"asctime": "2026-03-18 20:33:29,608", "name": "FraudDetection", "levelname": "WARNING", "module": "data_validation", "lineno": 307, "message": "Drift detected in 'amount': PSI=0.6027"}
{"asctime": "2026-03-18 20:33:29,626", "name": "FraudDetection", "levelname": "INFO", "module": "data_validation", "lineno": 348, "message": "Drift analysis: FLAGGED"}
{"asctime": "2026-03-18 20:33:29,627", "name": "FraudDetection", "levelname": "INFO", "module": "data_validation", "lineno": 406, "message": "Validation status saved to artifacts/data_validation/validation_status.json"}
{"asctime": "2026-03-18 20:33:29,630", "name": "FraudDetection", "levelname": "ERROR", "module": "pip_02_data_validation", "lineno": 25, "message": "Data validation failed. Check validation_status.json for details."}
{"asctime": "2026-03-18 20:33:29,631", "name": "FraudDetection", "levelname": "INFO", "module": "pip_02_data_validation", "lineno": 34, "message": "==================== DATA VALIDATION PIPELINE Completed Successfully ===================="}
{"asctime": "2026-03-18 21:19:09,247", "name": "FraudDetection", "levelname": "INFO", "module": "pip_01_data_ingestion", "lineno": 26, "message": "==================== Starting DATA INGESTION PIPELINE ===================="}
{"asctime": "2026-03-18 21:19:09,249", "name": "FraudDetection", "levelname": "INFO", "module": "commons", "lineno": 22, "message": "YAML file loaded: config/data_ingestion.yaml"}
{"asctime": "2026-03-18 21:19:09,250", "name": "FraudDetection", "levelname": "INFO", "module": "commons", "lineno": 44, "message": "Created directory: artifacts"}
{"asctime": "2026-03-18 21:19:09,250", "name": "FraudDetection", "levelname": "INFO", "module": "commons", "lineno": 44, "message": "Created directory: artifacts/data_ingestion"}
{"asctime": "2026-03-18 21:19:09,403", "name": "FraudDetection", "levelname": "INFO", "module": "data_ingestion", "lineno": 55, "message": "Loaded 50000 records from data/transactions.csv"}
{"asctime": "2026-03-18 21:19:09,526", "name": "FraudDetection", "levelname": "INFO", "module": "data_ingestion", "lineno": 93, "message": "Data cleaning complete: 50000 -> 50000 rows (0 rows removed)"}
{"asctime": "2026-03-18 21:19:09,625", "name": "FraudDetection", "levelname": "INFO", "module": "data_ingestion", "lineno": 110, "message": "Data saved to artifacts/data_ingestion/transactions.parquet"}
{"asctime": "2026-03-18 21:19:09,631", "name": "FraudDetection", "levelname": "INFO", "module": "pip_01_data_ingestion", "lineno": 21, "message": "Data ingestion complete. Artifact saved to: artifacts/data_ingestion/transactions.parquet"}
{"asctime": "2026-03-18 21:19:09,631", "name": "FraudDetection", "levelname": "INFO", "module": "pip_01_data_ingestion", "lineno": 28, "message": "==================== DATA INGESTION PIPELINE Completed Successfully ===================="}
{"asctime": "2026-03-18 21:19:30,418", "name": "FraudDetection", "levelname": "INFO", "module": "pip_02_data_validation", "lineno": 32, "message": "==================== Starting DATA VALIDATION PIPELINE ===================="}
{"asctime": "2026-03-18 21:19:30,421", "name": "FraudDetection", "levelname": "INFO", "module": "commons", "lineno": 22, "message": "YAML file loaded: config/data-validation.yaml"}
{"asctime": "2026-03-18 21:19:30,421", "name": "FraudDetection", "levelname": "INFO", "module": "commons", "lineno": 44, "message": "Created directory: artifacts"}
{"asctime": "2026-03-18 21:19:30,421", "name": "FraudDetection", "levelname": "INFO", "module": "commons", "lineno": 44, "message": "Created directory: artifacts/data_validation"}
{"asctime": "2026-03-18 21:19:30,427", "name": "FraudDetection", "levelname": "INFO", "module": "commons", "lineno": 22, "message": "YAML file loaded: config/schema.yaml"}
{"asctime": "2026-03-18 21:19:30,483", "name": "FraudDetection", "levelname": "INFO", "module": "data_validation", "lineno": 390, "message": "Loaded 50000 records from artifacts/data_ingestion/transactions.parquet"}
{"asctime": "2026-03-18 21:19:30,483", "name": "FraudDetection", "levelname": "INFO", "module": "data_validation", "lineno": 133, "message": "Running schema validation..."}
{"asctime": "2026-03-18 21:19:30,484", "name": "FraudDetection", "levelname": "INFO", "module": "data_validation", "lineno": 169, "message": "Schema validation: PASSED"}
{"asctime": "2026-03-18 21:19:30,484", "name": "FraudDetection", "levelname": "INFO", "module": "data_validation", "lineno": 177, "message": "Running data integrity checks..."}
{"asctime": "2026-03-18 21:19:30,544", "name": "FraudDetection", "levelname": "INFO", "module": "data_validation", "lineno": 207, "message": "Data integrity: PASSED"}
{"asctime": "2026-03-18 21:19:30,544", "name": "FraudDetection", "levelname": "INFO", "module": "data_validation", "lineno": 215, "message": "Running domain-specific rule checks..."}
{"asctime": "2026-03-18 21:19:30,548", "name": "FraudDetection", "levelname": "ERROR", "module": "data_validation", "lineno": 254, "message": "Domain rule violations in 'sender_balance_after': ['1 rows below minimum -0.01']"}
{"asctime": "2026-03-18 21:19:30,550", "name": "FraudDetection", "levelname": "INFO", "module": "data_validation", "lineno": 258, "message": "Domain rules: FAILED"}
{"asctime": "2026-03-18 21:19:30,550", "name": "FraudDetection", "levelname": "INFO", "module": "data_validation", "lineno": 272, "message": "Running statistical drift checks..."}
{"asctime": "2026-03-18 21:19:30,550", "name": "FraudDetection", "levelname": "INFO", "module": "data_validation", "lineno": 281, "message": "No reference stats found. Creating baseline from 80% split."}
{"asctime": "2026-03-18 21:19:30,564", "name": "FraudDetection", "levelname": "INFO", "module": "data_validation", "lineno": 379, "message": "Reference stats saved to artifacts/data_validation/reference_stats.json"}
{"asctime": "2026-03-18 21:19:30,567", "name": "FraudDetection", "levelname": "INFO", "module": "data_validation", "lineno": 406, "message": "Validation status saved to artifacts/data_validation/validation_status.json"}
{"asctime": "2026-03-18 21:19:30,570", "name": "FraudDetection", "levelname": "ERROR", "module": "pip_02_data_validation", "lineno": 25, "message": "Data validation failed. Check validation_status.json for details."}
{"asctime": "2026-03-18 21:19:30,570", "name": "FraudDetection", "levelname": "INFO", "module": "pip_02_data_validation", "lineno": 34, "message": "==================== DATA VALIDATION PIPELINE Completed Successfully ===================="}
{"asctime": "2026-03-18 21:21:11,842", "name": "FraudDetection", "levelname": "INFO", "module": "pip_02_data_validation", "lineno": 32, "message": "==================== Starting DATA VALIDATION PIPELINE ===================="}
{"asctime": "2026-03-18 21:21:11,846", "name": "FraudDetection", "levelname": "INFO", "module": "commons", "lineno": 22, "message": "YAML file loaded: config/data-validation.yaml"}
{"asctime": "2026-03-18 21:21:11,846", "name": "FraudDetection", "levelname": "INFO", "module": "commons", "lineno": 44, "message": "Created directory: artifacts"}
{"asctime": "2026-03-18 21:21:11,847", "name": "FraudDetection", "levelname": "INFO", "module": "commons", "lineno": 44, "message": "Created directory: artifacts/data_validation"}
{"asctime": "2026-03-18 21:21:11,852", "name": "FraudDetection", "levelname": "INFO", "module": "commons", "lineno": 22, "message": "YAML file loaded: config/schema.yaml"}
{"asctime": "2026-03-18 21:21:11,912", "name": "FraudDetection", "levelname": "INFO", "module": "data_validation", "lineno": 390, "message": "Loaded 50000 records from artifacts/data_ingestion/transactions.parquet"}
{"asctime": "2026-03-18 21:21:11,912", "name": "FraudDetection", "levelname": "INFO", "module": "data_validation", "lineno": 133, "message": "Running schema validation..."}
{"asctime": "2026-03-18 21:21:11,914", "name": "FraudDetection", "levelname": "INFO", "module": "data_validation", "lineno": 169, "message": "Schema validation: PASSED"}
{"asctime": "2026-03-18 21:21:11,914", "name": "FraudDetection", "levelname": "INFO", "module": "data_validation", "lineno": 177, "message": "Running data integrity checks..."}
{"asctime": "2026-03-18 21:21:11,979", "name": "FraudDetection", "levelname": "INFO", "module": "data_validation", "lineno": 207, "message": "Data integrity: PASSED"}
{"asctime": "2026-03-18 21:21:11,979", "name": "FraudDetection", "levelname": "INFO", "module": "data_validation", "lineno": 215, "message": "Running domain-specific rule checks..."}
{"asctime": "2026-03-18 21:21:11,986", "name": "FraudDetection", "levelname": "INFO", "module": "data_validation", "lineno": 258, "message": "Domain rules: PASSED"}
{"asctime": "2026-03-18 21:21:11,986", "name": "FraudDetection", "levelname": "INFO", "module": "data_validation", "lineno": 272, "message": "Running statistical drift checks..."}
{"asctime": "2026-03-18 21:21:11,986", "name": "FraudDetection", "levelname": "INFO", "module": "data_validation", "lineno": 281, "message": "No reference stats found. Creating baseline from 80% split."}
{"asctime": "2026-03-18 21:21:12,007", "name": "FraudDetection", "levelname": "INFO", "module": "data_validation", "lineno": 379, "message": "Reference stats saved to artifacts/data_validation/reference_stats.json"}
{"asctime": "2026-03-18 21:21:12,010", "name": "FraudDetection", "levelname": "INFO", "module": "data_validation", "lineno": 406, "message": "Validation status saved to artifacts/data_validation/validation_status.json"}
{"asctime": "2026-03-18 21:21:12,107", "name": "FraudDetection", "levelname": "INFO", "module": "data_validation", "lineno": 418, "message": "Validated data saved to artifacts/data_validation/validated_transactions.parquet"}
{"asctime": "2026-03-18 21:21:12,110", "name": "FraudDetection", "levelname": "INFO", "module": "pip_02_data_validation", "lineno": 23, "message": "Data validation passed. Validated parquet saved."}
{"asctime": "2026-03-18 21:21:12,110", "name": "FraudDetection", "levelname": "INFO", "module": "pip_02_data_validation", "lineno": 34, "message": "==================== DATA VALIDATION PIPELINE Completed Successfully ===================="}
{"asctime": "2026-03-18 23:45:44,434", "name": "FraudDetection", "levelname": "INFO", "module": "pip_03_feature_engineering", "lineno": 25, "message": "==================== Starting FEATURE ENGINEERING PIPELINE ===================="}
{"asctime": "2026-03-18 23:45:44,434", "name": "FraudDetection", "levelname": "ERROR", "module": "pip_03_feature_engineering", "lineno": 29, "message": "FEATURE ENGINEERING PIPELINE failed: [HIGH] FileNotFoundError\nCategory: configuration\nLocation: /home/western/Desktop/machine-learning/financial-fraud/src/utils/commons.py:18\nFunction: read_yaml\nMessage: YAML file not found: config/feature_engineering.yaml"}
{"asctime": "2026-03-18 23:46:08,432", "name": "FraudDetection", "levelname": "INFO", "module": "pip_03_feature_engineering", "lineno": 25, "message": "==================== Starting FEATURE ENGINEERING PIPELINE ===================="}
{"asctime": "2026-03-18 23:46:08,436", "name": "FraudDetection", "levelname": "INFO", "module": "commons", "lineno": 22, "message": "YAML file loaded: config/feature-engineering.yaml"}
{"asctime": "2026-03-18 23:46:08,438", "name": "FraudDetection", "levelname": "INFO", "module": "commons", "lineno": 44, "message": "Created directory: artifacts"}
{"asctime": "2026-03-18 23:46:08,438", "name": "FraudDetection", "levelname": "INFO", "module": "commons", "lineno": 44, "message": "Created directory: artifacts/feature_engineering"}
{"asctime": "2026-03-18 23:46:08,596", "name": "FraudDetection", "levelname": "INFO", "module": "feature_engineering", "lineno": 318, "message": "Loaded validated data: (50000, 14)"}
{"asctime": "2026-03-18 23:46:08,733", "name": "FraudDetection", "levelname": "INFO", "module": "feature_engineering", "lineno": 322, "message": "Pipeline fitted \u2014 sender and device stores built."}
{"asctime": "2026-03-18 23:46:08,773", "name": "FraudDetection", "levelname": "INFO", "module": "feature_engineering", "lineno": 334, "message": "Train/test split \u2014 train: (40000, 13), test: (10000, 13)"}
{"asctime": "2026-03-18 23:46:09,567", "name": "FraudDetection", "levelname": "INFO", "module": "feature_engineering", "lineno": 342, "message": "Feature engineering applied to train and test splits."}
{"asctime": "2026-03-18 23:46:09,758", "name": "FraudDetection", "levelname": "INFO", "module": "feature_engineering", "lineno": 350, "message": "SMOTE applied \u2014 train shape: (76800, 20), fraud rate: 50.00%"}
{"asctime": "2026-03-18 23:46:09,796", "name": "FraudDetection", "levelname": "INFO", "module": "feature_engineering", "lineno": 365, "message": "StandardScaler fitted on training set and applied to both splits."}
{"asctime": "2026-03-18 23:46:10,146", "name": "FraudDetection", "levelname": "INFO", "module": "feature_engineering", "lineno": 370, "message": "Transformation pipeline saved to artifacts/feature_engineering/pipeline.joblib"}
{"asctime": "2026-03-18 23:46:10,253", "name": "FraudDetection", "levelname": "INFO", "module": "feature_engineering", "lineno": 374, "message": "X_train and X_test saved as parquet."}
{"asctime": "2026-03-18 23:46:10,258", "name": "FraudDetection", "levelname": "INFO", "module": "feature_engineering", "lineno": 382, "message": "y_train and y_test saved as parquet."}
{"asctime": "2026-03-18 23:46:10,258", "name": "FraudDetection", "levelname": "INFO", "module": "feature_engineering", "lineno": 384, "message": "Feature engineering complete \u2014 features: 20, train samples: 76800, test samples: 10000"}
{"asctime": "2026-03-18 23:46:10,278", "name": "FraudDetection", "levelname": "INFO", "module": "pip_03_feature_engineering", "lineno": 27, "message": "==================== FEATURE ENGINEERING PIPELINE Completed Successfully ===================="}
{"asctime": "2026-03-18 23:55:33,921", "name": "FraudDetection", "levelname": "INFO", "module": "pip_03_feature_engineering", "lineno": 25, "message": "==================== Starting FEATURE ENGINEERING PIPELINE ===================="}
{"asctime": "2026-03-18 23:55:33,926", "name": "FraudDetection", "levelname": "INFO", "module": "commons", "lineno": 22, "message": "YAML file loaded: config/feature-engineering.yaml"}
{"asctime": "2026-03-18 23:55:33,927", "name": "FraudDetection", "levelname": "INFO", "module": "commons", "lineno": 44, "message": "Created directory: artifacts"}
{"asctime": "2026-03-18 23:55:33,927", "name": "FraudDetection", "levelname": "INFO", "module": "commons", "lineno": 44, "message": "Created directory: artifacts/feature_engineering"}
{"asctime": "2026-03-18 23:55:34,100", "name": "FraudDetection", "levelname": "INFO", "module": "feature_engineering", "lineno": 336, "message": "Loaded validated data: (50000, 14)"}
{"asctime": "2026-03-18 23:55:34,255", "name": "FraudDetection", "levelname": "INFO", "module": "feature_engineering", "lineno": 340, "message": "Pipeline fitted \u2014 sender and device stores built."}
{"asctime": "2026-03-18 23:55:34,309", "name": "FraudDetection", "levelname": "INFO", "module": "feature_engineering", "lineno": 352, "message": "Train/test split \u2014 train: (40000, 13), test: (10000, 13)"}
{"asctime": "2026-03-18 23:55:35,248", "name": "FraudDetection", "levelname": "INFO", "module": "feature_engineering", "lineno": 360, "message": "Feature engineering applied to train and test splits."}
{"asctime": "2026-03-18 23:55:35,249", "name": "FraudDetection", "levelname": "ERROR", "module": "pip_03_feature_engineering", "lineno": 29, "message": "FEATURE ENGINEERING PIPELINE failed: [HIGH] AttributeError\nCategory: data_transformation\nLocation: /home/western/Desktop/machine-learning/financial-fraud/src/components/feature_engineering.py:113\nFunction: <listcomp>\nMessage: 'FeatureEngineeringConfig' object has no attribute 'skip_scale_cols'"}
{"asctime": "2026-03-18 23:58:00,123", "name": "FraudDetection", "levelname": "INFO", "module": "pip_03_feature_engineering", "lineno": 25, "message": "==================== Starting FEATURE ENGINEERING PIPELINE ===================="}
{"asctime": "2026-03-18 23:58:00,133", "name": "FraudDetection", "levelname": "INFO", "module": "commons", "lineno": 22, "message": "YAML file loaded: config/feature-engineering.yaml"}
{"asctime": "2026-03-18 23:58:00,138", "name": "FraudDetection", "levelname": "INFO", "module": "commons", "lineno": 44, "message": "Created directory: artifacts"}
{"asctime": "2026-03-18 23:58:00,139", "name": "FraudDetection", "levelname": "INFO", "module": "commons", "lineno": 44, "message": "Created directory: artifacts/feature_engineering"}
{"asctime": "2026-03-18 23:58:00,436", "name": "FraudDetection", "levelname": "INFO", "module": "feature_engineering", "lineno": 336, "message": "Loaded validated data: (50000, 14)"}
{"asctime": "2026-03-18 23:58:00,605", "name": "FraudDetection", "levelname": "INFO", "module": "feature_engineering", "lineno": 340, "message": "Pipeline fitted \u2014 sender and device stores built."}
{"asctime": "2026-03-18 23:58:00,650", "name": "FraudDetection", "levelname": "INFO", "module": "feature_engineering", "lineno": 352, "message": "Train/test split \u2014 train: (40000, 13), test: (10000, 13)"}
{"asctime": "2026-03-18 23:58:01,478", "name": "FraudDetection", "levelname": "INFO", "module": "feature_engineering", "lineno": 360, "message": "Feature engineering applied to train and test splits."}
{"asctime": "2026-03-18 23:58:01,514", "name": "FraudDetection", "levelname": "INFO", "module": "feature_engineering", "lineno": 369, "message": "StandardScaler fitted on 13 continuous features and applied to both splits. Unscaled (binary flags): ['is_night', 'is_weekend', 'is_high_value', 'is_outside_kenya', 'is_device_switch', 'balance_discrepancy', 'transaction_type_enc']"}
{"asctime": "2026-03-18 23:58:01,684", "name": "FraudDetection", "levelname": "INFO", "module": "feature_engineering", "lineno": 386, "message": "SMOTE applied \u2014 train shape: (76800, 20), fraud rate: 50.00%"}
{"asctime": "2026-03-18 23:58:02,057", "name": "FraudDetection", "levelname": "INFO", "module": "feature_engineering", "lineno": 394, "message": "Transformation pipeline saved to artifacts/feature_engineering/pipeline.joblib"}
{"asctime": "2026-03-18 23:58:02,184", "name": "FraudDetection", "levelname": "INFO", "module": "feature_engineering", "lineno": 398, "message": "X_train and X_test saved as parquet."}
{"asctime": "2026-03-18 23:58:02,189", "name": "FraudDetection", "levelname": "INFO", "module": "feature_engineering", "lineno": 406, "message": "y_train and y_test saved as parquet."}
{"asctime": "2026-03-18 23:58:02,189", "name": "FraudDetection", "levelname": "INFO", "module": "feature_engineering", "lineno": 408, "message": "Feature engineering complete \u2014 features: 20, train samples: 76800, test samples: 10000"}
{"asctime": "2026-03-18 23:58:02,209", "name": "FraudDetection", "levelname": "INFO", "module": "pip_03_feature_engineering", "lineno": 27, "message": "==================== FEATURE ENGINEERING PIPELINE Completed Successfully ===================="}
